<?xml version="1.0" encoding="UTF-8" ?>
<testsuite failures="0" time="1.066" errors="0" skipped="0" tests="2" name="resources.PaymentTransferResourceTest">
  <properties>
    <property name="java.runtime.name" value="Java(TM) SE Runtime Environment"/>
    <property name="sun.boot.library.path" value="c:\Program Files\Java\jdk1.7.0_79\jre\bin"/>
    <property name="java.vm.version" value="24.79-b02"/>
    <property name="java.vm.vendor" value="Oracle Corporation"/>
    <property name="java.vendor.url" value="http://java.oracle.com/"/>
    <property name="path.separator" value=";"/>
    <property name="guice.disable.misplaced.annotation.check" value="true"/>
    <property name="java.vm.name" value="Java HotSpot(TM) 64-Bit Server VM"/>
    <property name="file.encoding.pkg" value="sun.io"/>
    <property name="user.script" value=""/>
    <property name="user.country" value="GB"/>
    <property name="sun.java.launcher" value="SUN_STANDARD"/>
    <property name="sun.os.patch.level" value="Service Pack 1"/>
    <property name="java.vm.specification.name" value="Java Virtual Machine Specification"/>
    <property name="user.dir" value="c:\Code\PaymentTransfer"/>
    <property name="java.runtime.version" value="1.7.0_79-b15"/>
    <property name="java.awt.graphicsenv" value="sun.awt.Win32GraphicsEnvironment"/>
    <property name="java.endorsed.dirs" value="c:\Program Files\Java\jdk1.7.0_79\jre\lib\endorsed"/>
    <property name="os.arch" value="amd64"/>
    <property name="java.io.tmpdir" value="C:\Users\8906525\AppData\Local\Temp\1\"/>
    <property name="line.separator" value="
"/>
    <property name="java.vm.specification.vendor" value="Oracle Corporation"/>
    <property name="user.variant" value=""/>
    <property name="os.name" value="Windows 7"/>
    <property name="classworlds.conf" value="c:/Apps/Galaxy/apache-maven-3.0.5/bin/m2.conf"/>
    <property name="sun.jnu.encoding" value="Cp1252"/>
    <property name="java.library.path" value="c:\Program Files\Java\jdk1.7.0_79\bin;C:\WINDOWS\Sun\Java\bin;C:\WINDOWS\system32;C:\WINDOWS;c:\Users\8906525\bin;.;C:\Apps\Galaxy\Git\local\bin;C:\Apps\Galaxy\Git\mingw\bin;C:\Apps\Galaxy\Git\bin;C:\Apps\Galaxy\Git\bin;c:\Program Files\Java\jdk1.7.0_79\bin;c:\Apps\Galaxy\apache-maven-3.0.5\bin;c:\Program Files\Java\jre7\bin;c:\Program Files (x86)\Micro Focus\Reflection\;c:\Oracle\Ora112\product\11.2.0\client_1\bin;c:\Program Files (x86)\Attachmate\Reflection\;c:\ProgramData\Oracle\Java\javapath;c:\WINDOWS\system32;c:\WINDOWS;c:\WINDOWS\System32\Wbem;c:\WINDOWS\System32\WindowsPowerShell\v1.0\;c:\Apps\IBM\WebSphere MQ\bin64;c:\Apps\IBM\WebSphere MQ\bin;c:\Program Files (x86)\Verint\Playback\;c:\Program Files (x86)\Verint\Logger\;c:\WINDOWS\System32\WindowsPowerShell\v1.0\;c:\WINDOWS\System32\WindowsPowerShell\v1.0\;c:\WINDOWS\System32\WindowsPowerShell\v1.0\;c:\WINDOWS\System32\WindowsPowerShell\v1.0\;c:\Program Files (x86)\Webex\Webex\Applications;%EXE4J_JAVA_HOME%\bin;c:\Apps\Galaxy\ant\bin;c:\Apps\Galaxy\Python3\;c:\Apps\Galaxy\Python3\Scripts\;.;c:\Apps\Galaxy\ant\bin;c:\Apps\Galaxy\apache-maven-3.0.5\bin;c:\Program Files\Java\jdk1.7.0_79\bin;c:\Program Files\Java\jre7\bin;c:\Apps\Galaxy\Python3\;c:\Apps\Galaxy\Python3\Scripts\;.;."/>
    <property name="java.specification.name" value="Java Platform API Specification"/>
    <property name="java.class.version" value="51.0"/>
    <property name="sun.management.compiler" value="HotSpot 64-Bit Tiered Compilers"/>
    <property name="os.version" value="6.1"/>
    <property name="user.home" value="C:\Users\8906525"/>
    <property name="user.timezone" value="Europe/London"/>
    <property name="java.awt.printerjob" value="sun.awt.windows.WPrinterJob"/>
    <property name="java.specification.version" value="1.7"/>
    <property name="file.encoding" value="Cp1252"/>
    <property name="user.name" value="8906525"/>
    <property name="java.class.path" value="c:/Apps/Galaxy/apache-maven-3.0.5/boot/plexus-classworlds-2.4.jar"/>
    <property name="java.vm.specification.version" value="1.7"/>
    <property name="sun.arch.data.model" value="64"/>
    <property name="java.home" value="c:\Program Files\Java\jdk1.7.0_79\jre"/>
    <property name="sun.java.command" value="org.codehaus.plexus.classworlds.launcher.Launcher clean install"/>
    <property name="java.specification.vendor" value="Oracle Corporation"/>
    <property name="user.language" value="en"/>
    <property name="awt.toolkit" value="sun.awt.windows.WToolkit"/>
    <property name="java.vm.info" value="mixed mode"/>
    <property name="java.version" value="1.7.0_79"/>
    <property name="java.ext.dirs" value="c:\Program Files\Java\jdk1.7.0_79\jre\lib\ext;C:\WINDOWS\Sun\Java\lib\ext"/>
    <property name="sun.boot.class.path" value="c:\Program Files\Java\jdk1.7.0_79\jre\lib\resources.jar;c:\Program Files\Java\jdk1.7.0_79\jre\lib\rt.jar;c:\Program Files\Java\jdk1.7.0_79\jre\lib\sunrsasign.jar;c:\Program Files\Java\jdk1.7.0_79\jre\lib\jsse.jar;c:\Program Files\Java\jdk1.7.0_79\jre\lib\jce.jar;c:\Program Files\Java\jdk1.7.0_79\jre\lib\charsets.jar;c:\Program Files\Java\jdk1.7.0_79\jre\lib\jfr.jar;c:\Program Files\Java\jdk1.7.0_79\jre\classes"/>
    <property name="java.vendor" value="Oracle Corporation"/>
    <property name="maven.home" value="c:\Apps\Galaxy\apache-maven-3.0.5"/>
    <property name="file.separator" value="\"/>
    <property name="java.vendor.url.bug" value="http://bugreport.sun.com/bugreport/"/>
    <property name="sun.cpu.endian" value="little"/>
    <property name="sun.io.unicode.encoding" value="UnicodeLittle"/>
    <property name="sun.desktop" value="windows"/>
    <property name="sun.cpu.isalist" value="amd64"/>
  </properties>
  <testcase time="0.233" classname="resources.PaymentTransferResourceTest" name="testTransferAmountNewPayee"/>
  <testcase time="0" classname="resources.PaymentTransferResourceTest" name="testTransferAmountExistingPayee"/>
</testsuite>